2 -> (-1, -1)
28 -> (-1, -1)
3 -> (-1, -1)
0 -> (6, 0)
29 -> (-1, -1)
0 -> (0, 0)
29 -> (-1, -1)
0 -> (1, 0)
29 -> (-1, -1)
0 -> (2, 0)
28 -> (-1, -1)
3 -> (-1, -1)
35 -> (-1, -1)
1 -> (6, 1)
36 -> (-1, -1)
0 -> (6, 2)
28 -> (-1, -1)
11 -> (-1, -1)
31 -> (-1, -1)
0 -> (6, 0)
32 -> (-1, -1)
28 -> (-1, -1)
11 -> (-1, -1)
31 -> (-1, -1)
0 -> (0, 0)
32 -> (-1, -1)
28 -> (-1, -1)
11 -> (-1, -1)
31 -> (-1, -1)
0 -> (1, 0)
32 -> (-1, -1)
28 -> (-1, -1)
6 -> (-1, -1)
31 -> (-1, -1)
0 -> (6, 0)
21 -> (-1, -1)
0 -> (0, 0)
26 -> (-1, -1)
0 -> (6, 0)
21 -> (-1, -1)
0 -> (1, 0)
32 -> (-1, -1)
7 -> (-1, -1)
33 -> (-1, -1)
0 -> (2, 0)
19 -> (-1, -1)
0 -> (6, 0)
28 -> (-1, -1)
34 -> (-1, -1)
8 -> (-1, -1)
33 -> (-1, -1)
9 -> (-1, -1)
31 -> (-1, -1)
0 -> (0, 0)
21 -> (-1, -1)
1 -> (6, 1)
32 -> (-1, -1)
10 -> (-1, -1)
33 -> (-1, -1)
0 -> (0, 0)
19 -> (-1, -1)
0 -> (0, 0)
14 -> (-1, -1)
1 -> (0, 1)
28 -> (-1, -1)
34 -> (-1, -1)
28 -> (-1, -1)
34 -> (-1, -1)
28 -> (-1, -1)
12 -> (-1, -1)
31 -> (-1, -1)
0 -> (2, 0)
32 -> (-1, -1)
28 -> (-1, -1)
13 -> (-1, -1)
28 -> (-1, -1)
