
 _______________________________________ 
2 -> (-1, -1) 
 _______________________________________ 
29 -> (-1, -1) 
 _______________________________________ 
3 -> (-1, -1) 
 _______________________________________ 
0 -> (1, 0) 
 _______________________________________ 
30 -> (-1, -1) 
 _______________________________________ 
0 -> (5, 0) 
 _______________________________________ 
30 -> (-1, -1) 
 _______________________________________ 
0 -> (5, 1) 
 _______________________________________ 
30 -> (-1, -1) 
 _______________________________________ 
0 -> (0, 0) 
 _______________________________________ 
29 -> (-1, -1) 
 _______________________________________ 
3 -> (-1, -1) 
 _______________________________________ 
36 -> (-1, -1) 
 _______________________________________ 
1 -> (6, 0) 
 _______________________________________ 
37 -> (-1, -1) 
 _______________________________________ 
0 -> (3, 0) 
 _______________________________________ 
29 -> (-1, -1) 
 _______________________________________ 
12 -> (-1, -1) 
 _______________________________________ 
32 -> (-1, -1) 
 _______________________________________ 
0 -> (5, 1) 
 _______________________________________ 
33 -> (-1, -1) 
 _______________________________________ 
29 -> (-1, -1) 
 _______________________________________ 
0 -> (0, 0) 
 _______________________________________ 
20 -> (-1, -1) 
 _______________________________________ 
1 -> (0, 1) 
 _______________________________________ 
29 -> (-1, -1) 
 _______________________________________ 
10 -> (-1, -1) 
 _______________________________________ 
32 -> (-1, -1) 
 _______________________________________ 
0 -> (0, 0) 
 _______________________________________ 
22 -> (-1, -1) 
 _______________________________________ 
0 -> (5, 1) 
 _______________________________________ 
33 -> (-1, -1) 
 _______________________________________ 
11 -> (-1, -1) 
 _______________________________________ 
34 -> (-1, -1) 
 _______________________________________ 
12 -> (-1, -1) 
 _______________________________________ 
32 -> (-1, -1) 
 _______________________________________ 
0 -> (1, 0) 
 _______________________________________ 
33 -> (-1, -1) 
 _______________________________________ 
29 -> (-1, -1) 
 _______________________________________ 
0 -> (5, 0) 
 _______________________________________ 
20 -> (-1, -1) 
 _______________________________________ 
0 -> (5, 0) 
 _______________________________________ 
15 -> (-1, -1) 
 _______________________________________ 
0 -> (1, 0) 
 _______________________________________ 
29 -> (-1, -1) 
 _______________________________________ 
0 -> (0, 0) 
 _______________________________________ 
20 -> (-1, -1) 
 _______________________________________ 
0 -> (0, 0) 
 _______________________________________ 
15 -> (-1, -1) 
 _______________________________________ 
1 -> (0, 1) 
 _______________________________________ 
29 -> (-1, -1) 
 _______________________________________ 
35 -> (-1, -1) 
 _______________________________________ 
29 -> (-1, -1) 
 _______________________________________ 
13 -> (-1, -1) 
 _______________________________________ 
32 -> (-1, -1) 
 _______________________________________ 
0 -> (5, 0) 
 _______________________________________ 
33 -> (-1, -1) 
 _______________________________________ 
29 -> (-1, -1) 
 _______________________________________ 
14 -> (-1, -1) 
 _______________________________________ 
29 -> (-1, -1) 